{
  "0 debug pnpm:scope": {
    "selected": 1
  },
  "1 error pnpm": {
    "shortMessage": "Command failed with exit code 1: C:\\Users\\loyal\\AppData\\Local\\Temp\\dlx-20924\\create-svelte.CMD .",
    "command": "C:\\Users\\loyal\\AppData\\Local\\Temp\\dlx-20924\\create-svelte.CMD .",
    "escapedCommand": "\"C:\\Users\\loyal\\AppData\\Local\\Temp\\dlx-20924\\create-svelte.CMD\" .",
    "exitCode": 1,
    "failed": true,
    "timedOut": false,
    "isCanceled": false,
    "killed": false,
    "err": {
      "name": "pnpm",
      "message": "Command failed with exit code 1: C:\\Users\\loyal\\AppData\\Local\\Temp\\dlx-20924\\create-svelte.CMD .",
      "stack": "pnpm: Command failed with exit code 1: C:\\Users\\loyal\\AppData\\Local\\Temp\\dlx-20924\\create-svelte.CMD .\n    at makeError (C:\\Users\\loyal\\AppData\\Roaming\\npm\\node_modules\\pnpm\\dist\\pnpm.cjs:42372:17)\n    at handlePromise (C:\\Users\\loyal\\AppData\\Roaming\\npm\\node_modules\\pnpm\\dist\\pnpm.cjs:42943:33)\n    at processTicksAndRejections (node:internal/process/task_queues:96:5)\n    at async Object.handler (C:\\Users\\loyal\\AppData\\Roaming\\npm\\node_modules\\pnpm\\dist\\pnpm.cjs:179116:7)\n    at async C:\\Users\\loyal\\AppData\\Roaming\\npm\\node_modules\\pnpm\\dist\\pnpm.cjs:183737:21\n    at async run (C:\\Users\\loyal\\AppData\\Roaming\\npm\\node_modules\\pnpm\\dist\\pnpm.cjs:183711:34)\n    at async runPnpm (C:\\Users\\loyal\\AppData\\Roaming\\npm\\node_modules\\pnpm\\dist\\pnpm.cjs:183922:5)\n    at async C:\\Users\\loyal\\AppData\\Roaming\\npm\\node_modules\\pnpm\\dist\\pnpm.cjs:183914:7"
    }
  }
}